This is pdfTeX, Version 3.14159265-2.6-1.40.16 (TeX Live 2015) (preloaded format=pdflatex 2015.5.24)  22 DEC 2017 13:24
entering extended mode
 restricted \write18 enabled.
 file:line:error style messages enabled.
 %&-line parsing enabled.
**report-copy.tex
(./report-copy.tex
LaTeX2e <2015/01/01>
Babel <3.9l> and hyphenation patterns for 79 languages loaded.
(/usr/local/texlive/2015/texmf-dist/tex/latex/base/article.cls
Document Class: article 2014/09/29 v1.4h Standard LaTeX document class
(/usr/local/texlive/2015/texmf-dist/tex/latex/base/size10.clo
File: size10.clo 2014/09/29 v1.4h Standard LaTeX file (size option)
)
\c@part=\count79
\c@section=\count80
\c@subsection=\count81
\c@subsubsection=\count82
\c@paragraph=\count83
\c@subparagraph=\count84
\c@figure=\count85
\c@table=\count86
\abovecaptionskip=\skip41
\belowcaptionskip=\skip42
\bibindent=\dimen102
)
(./nips_2017.sty
Package: nips_2017 2017/03/20 NIPS 2017 submission/camera-ready style file

(/usr/local/texlive/2015/texmf-dist/tex/latex/natbib/natbib.sty
Package: natbib 2010/09/13 8.31b (PWD, AO)
\bibhang=\skip43
\bibsep=\skip44
LaTeX Info: Redefining \cite on input line 694.
\c@NAT@ctr=\count87
)
(/usr/local/texlive/2015/texmf-dist/tex/latex/geometry/geometry.sty
Package: geometry 2010/09/12 v5.6 Page Geometry

(/usr/local/texlive/2015/texmf-dist/tex/latex/graphics/keyval.sty
Package: keyval 2014/10/28 v1.15 key=value parser (DPC)
\KV@toks@=\toks14
)
(/usr/local/texlive/2015/texmf-dist/tex/generic/oberdiek/ifpdf.sty
Package: ifpdf 2011/01/30 v2.3 Provides the ifpdf switch (HO)
Package ifpdf Info: pdfTeX in PDF mode is detected.
)
(/usr/local/texlive/2015/texmf-dist/tex/generic/oberdiek/ifvtex.sty
Package: ifvtex 2010/03/01 v1.5 Detect VTeX and its facilities (HO)
Package ifvtex Info: VTeX not detected.
)
(/usr/local/texlive/2015/texmf-dist/tex/generic/ifxetex/ifxetex.sty
Package: ifxetex 2010/09/12 v0.6 Provides ifxetex conditional
)
\Gm@cnth=\count88
\Gm@cntv=\count89
\c@Gm@tempcnt=\count90
\Gm@bindingoffset=\dimen103
\Gm@wd@mp=\dimen104
\Gm@odd@mp=\dimen105
\Gm@even@mp=\dimen106
\Gm@layoutwidth=\dimen107
\Gm@layoutheight=\dimen108
\Gm@layouthoffset=\dimen109
\Gm@layoutvoffset=\dimen110
\Gm@dimlist=\toks15
)
\@nipsabovecaptionskip=\skip45
\@nipsbelowcaptionskip=\skip46
)
(/usr/local/texlive/2015/texmf-dist/tex/generic/babel/babel.sty
Package: babel 2014/09/25 3.9l The Babel package

(/usr/local/texlive/2015/texmf-dist/tex/generic/babel-french/frenchb.ldf
Language: frenchb 2015/04/10 v3.1e French support from the babel system

(/usr/local/texlive/2015/texmf-dist/tex/generic/babel/babel.def
File: babel.def 2014/09/25 3.9l Babel common definitions
\babel@savecnt=\count91
\U@D=\dimen111
)
\l@acadian = a dialect from \language\l@french 
\l@canadien = a dialect from \language\l@french 
\FBcolonskip=\skip47
\FBthinskip=\skip48
\FB@interchartokenstateORI=\count92
Package babel Info: Making : an active character on input line 371.
Package babel Info: Making ; an active character on input line 372.
Package babel Info: Making ! an active character on input line 373.
Package babel Info: Making ? an active character on input line 374.
\FBguillskip=\skip49
\FBguill@level=\count93
\FB@Mht=\dimen112
\std@mcc=\count94
\dec@mcc=\count95
\listindentFB=\skip50
\labelwidthFB=\skip51
\leftmarginFB=\skip52
\parindentFFN=\dimen113
))
(/usr/local/texlive/2015/texmf-dist/tex/latex/carlisle/scalefnt.sty)
(/usr/local/texlive/2015/texmf-dist/tex/latex/base/fontenc.sty
Package: fontenc 2005/09/27 v1.99g Standard LaTeX package

(/usr/local/texlive/2015/texmf-dist/tex/latex/base/t1enc.def
File: t1enc.def 2005/09/27 v1.99g Standard LaTeX file
LaTeX Font Info:    Redeclaring font encoding T1 on input line 48.
))
(/usr/local/texlive/2015/texmf-dist/tex/latex/base/inputenc.sty
Package: inputenc 2015/03/17 v1.2c Input encoding file
\inpenc@prehook=\toks16
\inpenc@posthook=\toks17

(/usr/local/texlive/2015/texmf-dist/tex/latex/base/utf8.def
File: utf8.def 2014/09/29 v1.1m UTF-8 support for inputenc
Now handling font encoding OML ...
... no UTF-8 mapping file for font encoding OML
Now handling font encoding T1 ...
... processing UTF-8 mapping file for font encoding T1

(/usr/local/texlive/2015/texmf-dist/tex/latex/base/t1enc.dfu
File: t1enc.dfu 2014/09/29 v1.1m UTF-8 support for inputenc
   defining Unicode char U+00A1 (decimal 161)
   defining Unicode char U+00A3 (decimal 163)
   defining Unicode char U+00AB (decimal 171)
   defining Unicode char U+00BB (decimal 187)
   defining Unicode char U+00BF (decimal 191)
   defining Unicode char U+00C0 (decimal 192)
   defining Unicode char U+00C1 (decimal 193)
   defining Unicode char U+00C2 (decimal 194)
   defining Unicode char U+00C3 (decimal 195)
   defining Unicode char U+00C4 (decimal 196)
   defining Unicode char U+00C5 (decimal 197)
   defining Unicode char U+00C6 (decimal 198)
   defining Unicode char U+00C7 (decimal 199)
   defining Unicode char U+00C8 (decimal 200)
   defining Unicode char U+00C9 (decimal 201)
   defining Unicode char U+00CA (decimal 202)
   defining Unicode char U+00CB (decimal 203)
   defining Unicode char U+00CC (decimal 204)
   defining Unicode char U+00CD (decimal 205)
   defining Unicode char U+00CE (decimal 206)
   defining Unicode char U+00CF (decimal 207)
   defining Unicode char U+00D0 (decimal 208)
   defining Unicode char U+00D1 (decimal 209)
   defining Unicode char U+00D2 (decimal 210)
   defining Unicode char U+00D3 (decimal 211)
   defining Unicode char U+00D4 (decimal 212)
   defining Unicode char U+00D5 (decimal 213)
   defining Unicode char U+00D6 (decimal 214)
   defining Unicode char U+00D8 (decimal 216)
   defining Unicode char U+00D9 (decimal 217)
   defining Unicode char U+00DA (decimal 218)
   defining Unicode char U+00DB (decimal 219)
   defining Unicode char U+00DC (decimal 220)
   defining Unicode char U+00DD (decimal 221)
   defining Unicode char U+00DE (decimal 222)
   defining Unicode char U+00DF (decimal 223)
   defining Unicode char U+00E0 (decimal 224)
   defining Unicode char U+00E1 (decimal 225)
   defining Unicode char U+00E2 (decimal 226)
   defining Unicode char U+00E3 (decimal 227)
   defining Unicode char U+00E4 (decimal 228)
   defining Unicode char U+00E5 (decimal 229)
   defining Unicode char U+00E6 (decimal 230)
   defining Unicode char U+00E7 (decimal 231)
   defining Unicode char U+00E8 (decimal 232)
   defining Unicode char U+00E9 (decimal 233)
   defining Unicode char U+00EA (decimal 234)
   defining Unicode char U+00EB (decimal 235)
   defining Unicode char U+00EC (decimal 236)
   defining Unicode char U+00ED (decimal 237)
   defining Unicode char U+00EE (decimal 238)
   defining Unicode char U+00EF (decimal 239)
   defining Unicode char U+00F0 (decimal 240)
   defining Unicode char U+00F1 (decimal 241)
   defining Unicode char U+00F2 (decimal 242)
   defining Unicode char U+00F3 (decimal 243)
   defining Unicode char U+00F4 (decimal 244)
   defining Unicode char U+00F5 (decimal 245)
   defining Unicode char U+00F6 (decimal 246)
   defining Unicode char U+00F8 (decimal 248)
   defining Unicode char U+00F9 (decimal 249)
   defining Unicode char U+00FA (decimal 250)
   defining Unicode char U+00FB (decimal 251)
   defining Unicode char U+00FC (decimal 252)
   defining Unicode char U+00FD (decimal 253)
   defining Unicode char U+00FE (decimal 254)
   defining Unicode char U+00FF (decimal 255)
   defining Unicode char U+0102 (decimal 258)
   defining Unicode char U+0103 (decimal 259)
   defining Unicode char U+0104 (decimal 260)
   defining Unicode char U+0105 (decimal 261)
   defining Unicode char U+0106 (decimal 262)
   defining Unicode char U+0107 (decimal 263)
   defining Unicode char U+010C (decimal 268)
   defining Unicode char U+010D (decimal 269)
   defining Unicode char U+010E (decimal 270)
   defining Unicode char U+010F (decimal 271)
   defining Unicode char U+0110 (decimal 272)
   defining Unicode char U+0111 (decimal 273)
   defining Unicode char U+0118 (decimal 280)
   defining Unicode char U+0119 (decimal 281)
   defining Unicode char U+011A (decimal 282)
   defining Unicode char U+011B (decimal 283)
   defining Unicode char U+011E (decimal 286)
   defining Unicode char U+011F (decimal 287)
   defining Unicode char U+0130 (decimal 304)
   defining Unicode char U+0131 (decimal 305)
   defining Unicode char U+0132 (decimal 306)
   defining Unicode char U+0133 (decimal 307)
   defining Unicode char U+0139 (decimal 313)
   defining Unicode char U+013A (decimal 314)
   defining Unicode char U+013D (decimal 317)
   defining Unicode char U+013E (decimal 318)
   defining Unicode char U+0141 (decimal 321)
   defining Unicode char U+0142 (decimal 322)
   defining Unicode char U+0143 (decimal 323)
   defining Unicode char U+0144 (decimal 324)
   defining Unicode char U+0147 (decimal 327)
   defining Unicode char U+0148 (decimal 328)
   defining Unicode char U+014A (decimal 330)
   defining Unicode char U+014B (decimal 331)
   defining Unicode char U+0150 (decimal 336)
   defining Unicode char U+0151 (decimal 337)
   defining Unicode char U+0152 (decimal 338)
   defining Unicode char U+0153 (decimal 339)
   defining Unicode char U+0154 (decimal 340)
   defining Unicode char U+0155 (decimal 341)
   defining Unicode char U+0158 (decimal 344)
   defining Unicode char U+0159 (decimal 345)
   defining Unicode char U+015A (decimal 346)
   defining Unicode char U+015B (decimal 347)
   defining Unicode char U+015E (decimal 350)
   defining Unicode char U+015F (decimal 351)
   defining Unicode char U+0160 (decimal 352)
   defining Unicode char U+0161 (decimal 353)
   defining Unicode char U+0162 (decimal 354)
   defining Unicode char U+0163 (decimal 355)
   defining Unicode char U+0164 (decimal 356)
   defining Unicode char U+0165 (decimal 357)
   defining Unicode char U+016E (decimal 366)
   defining Unicode char U+016F (decimal 367)
   defining Unicode char U+0170 (decimal 368)
   defining Unicode char U+0171 (decimal 369)
   defining Unicode char U+0178 (decimal 376)
   defining Unicode char U+0179 (decimal 377)
   defining Unicode char U+017A (decimal 378)
   defining Unicode char U+017B (decimal 379)
   defining Unicode char U+017C (decimal 380)
   defining Unicode char U+017D (decimal 381)
   defining Unicode char U+017E (decimal 382)
   defining Unicode char U+200C (decimal 8204)
   defining Unicode char U+2013 (decimal 8211)
   defining Unicode char U+2014 (decimal 8212)
   defining Unicode char U+2018 (decimal 8216)
   defining Unicode char U+2019 (decimal 8217)
   defining Unicode char U+201A (decimal 8218)
   defining Unicode char U+201C (decimal 8220)
   defining Unicode char U+201D (decimal 8221)
   defining Unicode char U+201E (decimal 8222)
   defining Unicode char U+2030 (decimal 8240)
   defining Unicode char U+2031 (decimal 8241)
   defining Unicode char U+2039 (decimal 8249)
   defining Unicode char U+203A (decimal 8250)
   defining Unicode char U+2423 (decimal 9251)
)
Now handling font encoding OT1 ...
... processing UTF-8 mapping file for font encoding OT1

(/usr/local/texlive/2015/texmf-dist/tex/latex/base/ot1enc.dfu
File: ot1enc.dfu 2014/09/29 v1.1m UTF-8 support for inputenc
   defining Unicode char U+00A1 (decimal 161)
   defining Unicode char U+00A3 (decimal 163)
   defining Unicode char U+00B8 (decimal 184)
   defining Unicode char U+00BF (decimal 191)
   defining Unicode char U+00C5 (decimal 197)
   defining Unicode char U+00C6 (decimal 198)
   defining Unicode char U+00D8 (decimal 216)
   defining Unicode char U+00DF (decimal 223)
   defining Unicode char U+00E6 (decimal 230)
   defining Unicode char U+00EC (decimal 236)
   defining Unicode char U+00ED (decimal 237)
   defining Unicode char U+00EE (decimal 238)
   defining Unicode char U+00EF (decimal 239)
   defining Unicode char U+00F8 (decimal 248)
   defining Unicode char U+0131 (decimal 305)
   defining Unicode char U+0141 (decimal 321)
   defining Unicode char U+0142 (decimal 322)
   defining Unicode char U+0152 (decimal 338)
   defining Unicode char U+0153 (decimal 339)
   defining Unicode char U+2013 (decimal 8211)
   defining Unicode char U+2014 (decimal 8212)
   defining Unicode char U+2018 (decimal 8216)
   defining Unicode char U+2019 (decimal 8217)
   defining Unicode char U+201C (decimal 8220)
   defining Unicode char U+201D (decimal 8221)
)
Now handling font encoding OMS ...
... processing UTF-8 mapping file for font encoding OMS

(/usr/local/texlive/2015/texmf-dist/tex/latex/base/omsenc.dfu
File: omsenc.dfu 2014/09/29 v1.1m UTF-8 support for inputenc
   defining Unicode char U+00A7 (decimal 167)
   defining Unicode char U+00B6 (decimal 182)
   defining Unicode char U+00B7 (decimal 183)
   defining Unicode char U+2020 (decimal 8224)
   defining Unicode char U+2021 (decimal 8225)
   defining Unicode char U+2022 (decimal 8226)
)
Now handling font encoding OMX ...
... no UTF-8 mapping file for font encoding OMX
Now handling font encoding U ...
... no UTF-8 mapping file for font encoding U
   defining Unicode char U+00A9 (decimal 169)
   defining Unicode char U+00AA (decimal 170)
   defining Unicode char U+00AE (decimal 174)
   defining Unicode char U+00BA (decimal 186)
   defining Unicode char U+02C6 (decimal 710)
   defining Unicode char U+02DC (decimal 732)
   defining Unicode char U+200C (decimal 8204)
   defining Unicode char U+2026 (decimal 8230)
   defining Unicode char U+2122 (decimal 8482)
   defining Unicode char U+2423 (decimal 9251)
))
(/usr/local/texlive/2015/texmf-dist/tex/latex/hyperref/hyperref.sty
Package: hyperref 2012/11/06 v6.83m Hypertext links for LaTeX

(/usr/local/texlive/2015/texmf-dist/tex/generic/oberdiek/hobsub-hyperref.sty
Package: hobsub-hyperref 2012/05/28 v1.13 Bundle oberdiek, subset hyperref (HO)


(/usr/local/texlive/2015/texmf-dist/tex/generic/oberdiek/hobsub-generic.sty
Package: hobsub-generic 2012/05/28 v1.13 Bundle oberdiek, subset generic (HO)
Package: hobsub 2012/05/28 v1.13 Construct package bundles (HO)
Package: infwarerr 2010/04/08 v1.3 Providing info/warning/error messages (HO)
Package: ltxcmds 2011/11/09 v1.22 LaTeX kernel commands for general use (HO)
Package: ifluatex 2010/03/01 v1.3 Provides the ifluatex switch (HO)
Package ifluatex Info: LuaTeX not detected.
Package hobsub Info: Skipping package `ifvtex' (already loaded).
Package: intcalc 2007/09/27 v1.1 Expandable calculations with integers (HO)
Package hobsub Info: Skipping package `ifpdf' (already loaded).
Package: etexcmds 2011/02/16 v1.5 Avoid name clashes with e-TeX commands (HO)
Package etexcmds Info: Could not find \expanded.
(etexcmds)             That can mean that you are not using pdfTeX 1.50 or
(etexcmds)             that some package has redefined \expanded.
(etexcmds)             In the latter case, load this package earlier.
Package: kvsetkeys 2012/04/25 v1.16 Key value parser (HO)
Package: kvdefinekeys 2011/04/07 v1.3 Define keys (HO)
Package: pdftexcmds 2011/11/29 v0.20 Utility functions of pdfTeX for LuaTeX (HO
)
Package pdftexcmds Info: LuaTeX not detected.
Package pdftexcmds Info: \pdf@primitive is available.
Package pdftexcmds Info: \pdf@ifprimitive is available.
Package pdftexcmds Info: \pdfdraftmode found.
Package: pdfescape 2011/11/25 v1.13 Implements pdfTeX's escape features (HO)
Package: bigintcalc 2012/04/08 v1.3 Expandable calculations on big integers (HO
)
Package: bitset 2011/01/30 v1.1 Handle bit-vector datatype (HO)
Package: uniquecounter 2011/01/30 v1.2 Provide unlimited unique counter (HO)
)
Package hobsub Info: Skipping package `hobsub' (already loaded).
Package: letltxmacro 2010/09/02 v1.4 Let assignment for LaTeX macros (HO)
Package: hopatch 2012/05/28 v1.2 Wrapper for package hooks (HO)
Package: xcolor-patch 2011/01/30 xcolor patch
Package: atveryend 2011/06/30 v1.8 Hooks at the very end of document (HO)
Package atveryend Info: \enddocument detected (standard20110627).
Package: atbegshi 2011/10/05 v1.16 At begin shipout hook (HO)
Package: refcount 2011/10/16 v3.4 Data extraction from label references (HO)
Package: hycolor 2011/01/30 v1.7 Color options for hyperref/bookmark (HO)
)
(/usr/local/texlive/2015/texmf-dist/tex/latex/oberdiek/auxhook.sty
Package: auxhook 2011/03/04 v1.3 Hooks for auxiliary files (HO)
)
(/usr/local/texlive/2015/texmf-dist/tex/latex/oberdiek/kvoptions.sty
Package: kvoptions 2011/06/30 v3.11 Key value format for package options (HO)
)
\@linkdim=\dimen114
\Hy@linkcounter=\count96
\Hy@pagecounter=\count97

(/usr/local/texlive/2015/texmf-dist/tex/latex/hyperref/pd1enc.def
File: pd1enc.def 2012/11/06 v6.83m Hyperref: PDFDocEncoding definition (HO)
Now handling font encoding PD1 ...
... no UTF-8 mapping file for font encoding PD1
)
\Hy@SavedSpaceFactor=\count98

(/usr/local/texlive/2015/texmf-dist/tex/latex/latexconfig/hyperref.cfg
File: hyperref.cfg 2002/06/06 v1.2 hyperref configuration of TeXLive
)
Package hyperref Info: Hyper figures OFF on input line 4443.
Package hyperref Info: Link nesting OFF on input line 4448.
Package hyperref Info: Hyper index ON on input line 4451.
Package hyperref Info: Plain pages OFF on input line 4458.
Package hyperref Info: Backreferencing OFF on input line 4463.
Package hyperref Info: Implicit mode ON; LaTeX internals redefined.
Package hyperref Info: Bookmarks ON on input line 4688.
\c@Hy@tempcnt=\count99

(/usr/local/texlive/2015/texmf-dist/tex/latex/url/url.sty
\Urlmuskip=\muskip10
Package: url 2013/09/16  ver 3.4  Verb mode for urls, etc.
)
LaTeX Info: Redefining \url on input line 5041.
\XeTeXLinkMargin=\dimen115
\Fld@menulength=\count100
\Field@Width=\dimen116
\Fld@charsize=\dimen117
Package hyperref Info: Hyper figures OFF on input line 6295.
Package hyperref Info: Link nesting OFF on input line 6300.
Package hyperref Info: Hyper index ON on input line 6303.
Package hyperref Info: backreferencing OFF on input line 6310.
Package hyperref Info: Link coloring OFF on input line 6315.
Package hyperref Info: Link coloring with OCG OFF on input line 6320.
Package hyperref Info: PDF/A mode OFF on input line 6325.
LaTeX Info: Redefining \ref on input line 6365.
LaTeX Info: Redefining \pageref on input line 6369.
\Hy@abspage=\count101
\c@Item=\count102
\c@Hfootnote=\count103
)

Package hyperref Message: Driver (autodetected): hpdftex.

(/usr/local/texlive/2015/texmf-dist/tex/latex/hyperref/hpdftex.def
File: hpdftex.def 2012/11/06 v6.83m Hyperref driver for pdfTeX
\Fld@listcount=\count104
\c@bookmark@seq@number=\count105

(/usr/local/texlive/2015/texmf-dist/tex/latex/oberdiek/rerunfilecheck.sty
Package: rerunfilecheck 2011/04/15 v1.7 Rerun checks for auxiliary files (HO)
Package uniquecounter Info: New unique counter `rerunfilecheck' on input line 2
82.
)
\Hy@SectionHShift=\skip53
)
(/usr/local/texlive/2015/texmf-dist/tex/latex/booktabs/booktabs.sty
Package: booktabs 2005/04/14 v1.61803 publication quality tables
\heavyrulewidth=\dimen118
\lightrulewidth=\dimen119
\cmidrulewidth=\dimen120
\belowrulesep=\dimen121
\belowbottomsep=\dimen122
\aboverulesep=\dimen123
\abovetopsep=\dimen124
\cmidrulesep=\dimen125
\cmidrulekern=\dimen126
\defaultaddspace=\dimen127
\@cmidla=\count106
\@cmidlb=\count107
\@aboverulesep=\dimen128
\@belowrulesep=\dimen129
\@thisruleclass=\count108
\@lastruleclass=\count109
\@thisrulewidth=\dimen130
)
(/usr/local/texlive/2015/texmf-dist/tex/latex/amsfonts/amsfonts.sty
Package: amsfonts 2013/01/14 v3.01 Basic AMSFonts support
\@emptytoks=\toks18
\symAMSa=\mathgroup4
\symAMSb=\mathgroup5
LaTeX Font Info:    Overwriting math alphabet `\mathfrak' in version `bold'
(Font)                  U/euf/m/n --> U/euf/b/n on input line 106.
)
(/usr/local/texlive/2015/texmf-dist/tex/latex/units/nicefrac.sty
Package: nicefrac 1998/08/04 v0.9b Nice fractions
\L@UnitsRaiseDisplaystyle=\skip54
\L@UnitsRaiseTextstyle=\skip55
\L@UnitsRaiseScriptstyle=\skip56

(/usr/local/texlive/2015/texmf-dist/tex/latex/base/ifthen.sty
Package: ifthen 2014/09/29 v1.1c Standard LaTeX ifthen package (DPC)
))
(/usr/local/texlive/2015/texmf-dist/tex/latex/microtype/microtype.sty
Package: microtype 2013/05/23 v2.5a Micro-typographical refinements (RS)
\MT@toks=\toks19
\MT@count=\count110
LaTeX Info: Redefining \textls on input line 766.
\MT@outer@kern=\dimen131
LaTeX Info: Redefining \textmicrotypecontext on input line 1285.
\MT@listname@count=\count111

(/usr/local/texlive/2015/texmf-dist/tex/latex/microtype/microtype-pdftex.def
File: microtype-pdftex.def 2013/05/23 v2.5a Definitions specific to pdftex (RS)

LaTeX Info: Redefining \lsstyle on input line 915.
LaTeX Info: Redefining \lslig on input line 915.
\MT@outer@space=\skip57
)
Package microtype Info: Loading configuration file microtype.cfg.

(/usr/local/texlive/2015/texmf-dist/tex/latex/microtype/microtype.cfg
File: microtype.cfg 2013/05/23 v2.5a microtype main configuration file (RS)
))
(/usr/local/texlive/2015/texmf-dist/tex/latex/graphics/graphicx.sty
Package: graphicx 2014/10/28 v1.0g Enhanced LaTeX Graphics (DPC,SPQR)

(/usr/local/texlive/2015/texmf-dist/tex/latex/graphics/graphics.sty
Package: graphics 2014/10/28 v1.0p Standard LaTeX Graphics (DPC,SPQR)

(/usr/local/texlive/2015/texmf-dist/tex/latex/graphics/trig.sty
Package: trig 1999/03/16 v1.09 sin cos tan (DPC)
)
(/usr/local/texlive/2015/texmf-dist/tex/latex/latexconfig/graphics.cfg
File: graphics.cfg 2010/04/23 v1.9 graphics configuration of TeX Live
)
Package graphics Info: Driver file: pdftex.def on input line 94.

(/usr/local/texlive/2015/texmf-dist/tex/latex/pdftex-def/pdftex.def
File: pdftex.def 2011/05/27 v0.06d Graphics/color for pdfTeX
\Gread@gobject=\count112
))
\Gin@req@height=\dimen132
\Gin@req@width=\dimen133
)
(/usr/local/texlive/2015/texmf-dist/tex/latex/mathtools/mathtools.sty
Package: mathtools 2015/05/11 v1.16 mathematical typesetting tools

(/usr/local/texlive/2015/texmf-dist/tex/latex/tools/calc.sty
Package: calc 2014/10/28 v4.3 Infix arithmetic (KKT,FJ)
\calc@Acount=\count113
\calc@Bcount=\count114
\calc@Adimen=\dimen134
\calc@Bdimen=\dimen135
\calc@Askip=\skip58
\calc@Bskip=\skip59
LaTeX Info: Redefining \setlength on input line 80.
LaTeX Info: Redefining \addtolength on input line 81.
\calc@Ccount=\count115
\calc@Cskip=\skip60
)
(/usr/local/texlive/2015/texmf-dist/tex/latex/mathtools/mhsetup.sty
Package: mhsetup 2010/01/21 v1.2a programming setup (MH)
)
(/usr/local/texlive/2015/texmf-dist/tex/latex/amsmath/amsmath.sty
Package: amsmath 2013/01/14 v2.14 AMS math features
\@mathmargin=\skip61

For additional information on amsmath, use the `?' option.
(/usr/local/texlive/2015/texmf-dist/tex/latex/amsmath/amstext.sty
Package: amstext 2000/06/29 v2.01

(/usr/local/texlive/2015/texmf-dist/tex/latex/amsmath/amsgen.sty
File: amsgen.sty 1999/11/30 v2.0
\@emptytoks=\toks20
\ex@=\dimen136
))
(/usr/local/texlive/2015/texmf-dist/tex/latex/amsmath/amsbsy.sty
Package: amsbsy 1999/11/29 v1.2d
\pmbraise@=\dimen137
)
(/usr/local/texlive/2015/texmf-dist/tex/latex/amsmath/amsopn.sty
Package: amsopn 1999/12/14 v2.01 operator names
)
\inf@bad=\count116
LaTeX Info: Redefining \frac on input line 210.
\uproot@=\count117
\leftroot@=\count118
LaTeX Info: Redefining \overline on input line 306.
\classnum@=\count119
\DOTSCASE@=\count120
LaTeX Info: Redefining \ldots on input line 378.
LaTeX Info: Redefining \dots on input line 381.
LaTeX Info: Redefining \cdots on input line 466.
\Mathstrutbox@=\box26
\strutbox@=\box27
\big@size=\dimen138
LaTeX Font Info:    Redeclaring font encoding OML on input line 566.
LaTeX Font Info:    Redeclaring font encoding OMS on input line 567.
\macc@depth=\count121
\c@MaxMatrixCols=\count122
\dotsspace@=\muskip11
\c@parentequation=\count123
\dspbrk@lvl=\count124
\tag@help=\toks21
\row@=\count125
\column@=\count126
\maxfields@=\count127
\andhelp@=\toks22
\eqnshift@=\dimen139
\alignsep@=\dimen140
\tagshift@=\dimen141
\tagwidth@=\dimen142
\totwidth@=\dimen143
\lineht@=\dimen144
\@envbody=\toks23
\multlinegap=\skip62
\multlinetaggap=\skip63
\mathdisplay@stack=\toks24
LaTeX Info: Redefining \[ on input line 2665.
LaTeX Info: Redefining \] on input line 2666.
)
LaTeX Info: Thecontrolsequence`\('isalreadyrobust on input line 129.
LaTeX Info: Thecontrolsequence`\)'isalreadyrobust on input line 129.
LaTeX Info: Thecontrolsequence`\['isalreadyrobust on input line 129.
LaTeX Info: Thecontrolsequence`\]'isalreadyrobust on input line 129.
\g_MT_multlinerow_int=\count128
\l_MT_multwidth_dim=\dimen145
\origjot=\skip64
\l_MT_shortvdotswithinadjustabove_dim=\dimen146
\l_MT_shortvdotswithinadjustbelow_dim=\dimen147
\l_MT_above_intertext_sep=\dimen148
\l_MT_below_intertext_sep=\dimen149
\l_MT_above_shortintertext_sep=\dimen150
\l_MT_below_shortintertext_sep=\dimen151
)
No file report-copy.aux.
\openout1 = `report-copy.aux'.

LaTeX Font Info:    Checking defaults for OML/cmm/m/it on input line 78.
LaTeX Font Info:    ... okay on input line 78.
LaTeX Font Info:    Checking defaults for T1/cmr/m/n on input line 78.
LaTeX Font Info:    ... okay on input line 78.
LaTeX Font Info:    Checking defaults for OT1/cmr/m/n on input line 78.
LaTeX Font Info:    ... okay on input line 78.
LaTeX Font Info:    Checking defaults for OMS/cmsy/m/n on input line 78.
LaTeX Font Info:    ... okay on input line 78.
LaTeX Font Info:    Checking defaults for OMX/cmex/m/n on input line 78.
LaTeX Font Info:    ... okay on input line 78.
LaTeX Font Info:    Checking defaults for U/cmr/m/n on input line 78.
LaTeX Font Info:    ... okay on input line 78.
LaTeX Font Info:    Checking defaults for PD1/pdf/m/n on input line 78.
LaTeX Font Info:    ... okay on input line 78.
LaTeX Font Info:    Try loading font information for T1+ptm on input line 78.
(/usr/local/texlive/2015/texmf-dist/tex/latex/psnfss/t1ptm.fd
File: t1ptm.fd 2001/06/04 font definitions for T1/ptm.
)
*geometry* driver: auto-detecting
*geometry* detected driver: pdftex
*geometry* verbose mode - [ preamble ] result:
* driver: pdftex
* paper: letterpaper
* layout: <same size as paper>
* layoutoffset:(h,v)=(0.0pt,0.0pt)
* modes: 
* h-part:(L,W,R)=(92.14519pt, 430.00462pt, 92.14519pt)
* v-part:(T,H,B)=(95.39737pt, 556.47656pt, 143.09605pt)
* \paperwidth=614.295pt
* \paperheight=794.96999pt
* \textwidth=430.00462pt
* \textheight=556.47656pt
* \oddsidemargin=19.8752pt
* \evensidemargin=19.8752pt
* \topmargin=-13.87262pt
* \headheight=12.0pt
* \headsep=25.0pt
* \topskip=10.0pt
* \footskip=30.0pt
* \marginparwidth=65.0pt
* \marginparsep=11.0pt
* \columnsep=10.0pt
* \skip\footins=9.0pt plus 4.0pt minus 2.0pt
* \hoffset=0.0pt
* \voffset=0.0pt
* \mag=1000
* \@twocolumnfalse
* \@twosidefalse
* \@mparswitchfalse
* \@reversemarginfalse
* (1in=72.27pt=25.4mm, 1cm=28.453pt)

*geometry* verbose mode - [ newgeometry ] result:
* driver: pdftex
* paper: letterpaper
* layout: <same size as paper>
* layoutoffset:(h,v)=(0.0pt,0.0pt)
* modes: 
* h-part:(L,W,R)=(108.405pt, 397.48499pt, 108.40501pt)
* v-part:(T,H,B)=(72.26999pt, 650.43pt, 72.27pt)
* \paperwidth=614.295pt
* \paperheight=794.96999pt
* \textwidth=397.48499pt
* \textheight=650.43pt
* \oddsidemargin=36.13501pt
* \evensidemargin=36.13501pt
* \topmargin=-37.0pt
* \headheight=12.0pt
* \headsep=25.0pt
* \topskip=10.0pt
* \footskip=30.0pt
* \marginparwidth=65.0pt
* \marginparsep=11.0pt
* \columnsep=10.0pt
* \skip\footins=9.0pt plus 4.0pt minus 2.0pt
* \hoffset=0.0pt
* \voffset=0.0pt
* \mag=1000
* \@twocolumnfalse
* \@twosidefalse
* \@mparswitchfalse
* \@reversemarginfalse
* (1in=72.27pt=25.4mm, 1cm=28.453pt)

LaTeX Info: Redefining \degres on input line 78.
LaTeX Info: Redefining \dots on input line 78.
LaTeX Info: Redefining \up on input line 78.
\AtBeginShipoutBox=\box28
Package hyperref Info: Link coloring OFF on input line 78.
(/usr/local/texlive/2015/texmf-dist/tex/latex/hyperref/nameref.sty
Package: nameref 2012/10/27 v2.43 Cross-referencing by name of section

(/usr/local/texlive/2015/texmf-dist/tex/generic/oberdiek/gettitlestring.sty
Package: gettitlestring 2010/12/03 v1.4 Cleanup title references (HO)
)
\c@section@level=\count129
)
LaTeX Info: Redefining \ref on input line 78.
LaTeX Info: Redefining \pageref on input line 78.
LaTeX Info: Redefining \nameref on input line 78.
\@outlinefile=\write3
\openout3 = `report-copy.out'.

LaTeX Info: Redefining \microtypecontext on input line 78.
Package microtype Info: Generating PDF output.
Package microtype Info: Character protrusion enabled (level 2).
Package microtype Info: Using default protrusion set `alltext'.
Package microtype Info: Automatic font expansion enabled (level 2),
(microtype)             stretch: 20, shrink: 20, step: 1, non-selected.
Package microtype Info: Using default expansion set `basictext'.
Package microtype Info: No adjustment of tracking.
Package microtype Info: No adjustment of interword spacing.
Package microtype Info: No adjustment of character kerning.

(/usr/local/texlive/2015/texmf-dist/tex/latex/microtype/mt-ptm.cfg
File: mt-ptm.cfg 2006/04/20 v1.7 microtype config. file: Times (RS)
)
(/usr/local/texlive/2015/texmf-dist/tex/context/base/supp-pdf.mkii
[Loading MPS to PDF converter (version 2006.09.02).]
\scratchcounter=\count130
\scratchdimen=\dimen152
\scratchbox=\box29
\nofMPsegments=\count131
\nofMParguments=\count132
\everyMPshowfont=\toks25
\MPscratchCnt=\count133
\MPscratchDim=\dimen153
\MPnumerator=\count134
\makeMPintoPDFobject=\count135
\everyMPtoPDFconversion=\toks26
) (/usr/local/texlive/2015/texmf-dist/tex/latex/oberdiek/epstopdf-base.sty
Package: epstopdf-base 2010/02/09 v2.5 Base part for package epstopdf

(/usr/local/texlive/2015/texmf-dist/tex/latex/oberdiek/grfext.sty
Package: grfext 2010/08/19 v1.1 Manage graphics extensions (HO)
)
Package grfext Info: Graphics extension search list:
(grfext)             [.png,.pdf,.jpg,.mps,.jpeg,.jbig2,.jb2,.PNG,.PDF,.JPG,.JPE
G,.JBIG2,.JB2,.eps]
(grfext)             \AppendGraphicsExtensions on input line 452.

(/usr/local/texlive/2015/texmf-dist/tex/latex/latexconfig/epstopdf-sys.cfg
File: epstopdf-sys.cfg 2010/07/13 v1.3 Configuration of (r)epstopdf for TeX Liv
e
))
LaTeX Font Info:    Font shape `T1/ptm/bx/n' in size <17.28> not available
(Font)              Font shape `T1/ptm/b/n' tried instead on input line 82.
LaTeX Font Info:    Try loading font information for OMS+ptm on input line 82.

(/usr/local/texlive/2015/texmf-dist/tex/latex/psnfss/omsptm.fd
File: omsptm.fd 
)

LaTeX Font Warning: Font shape `OMS/ptm/bx/n' undefined
(Font)              using `OMS/ptm/m/n' instead on input line 82.

LaTeX Font Info:    Font shape `OMS/ptm/m/n' in size <17.28> not available
(Font)              Font shape `OMS/cmsy/m/n' tried instead on input line 82.
LaTeX Font Info:    Font shape `OMS/ptm/bx/n' in size <17.28> not available
(Font)              Font shape `OMS/cmsy/m/n' tried instead on input line 82.
(/usr/local/texlive/2015/texmf-dist/tex/latex/microtype/mt-cmr.cfg
File: mt-cmr.cfg 2013/05/19 v2.2 microtype config. file: Computer Modern Roman 
(RS)
)
LaTeX Font Info:    Try loading font information for U+msa on input line 82.

(/usr/local/texlive/2015/texmf-dist/tex/latex/amsfonts/umsa.fd
File: umsa.fd 2013/01/14 v3.01 AMS symbols A
)
(/usr/local/texlive/2015/texmf-dist/tex/latex/microtype/mt-msa.cfg
File: mt-msa.cfg 2006/02/04 v1.1 microtype config. file: AMS symbols (a) (RS)
)
LaTeX Font Info:    Try loading font information for U+msb on input line 82.

(/usr/local/texlive/2015/texmf-dist/tex/latex/amsfonts/umsb.fd
File: umsb.fd 2013/01/14 v3.01 AMS symbols B
)
(/usr/local/texlive/2015/texmf-dist/tex/latex/microtype/mt-msb.cfg
File: mt-msb.cfg 2005/06/01 v1.0 microtype config. file: AMS symbols (b) (RS)
)
LaTeX Font Info:    Font shape `T1/ptm/bx/n' in size <10> not available
(Font)              Font shape `T1/ptm/b/n' tried instead on input line 82.
LaTeX Font Info:    Try loading font information for T1+cmtt on input line 82.

(/usr/local/texlive/2015/texmf-dist/tex/latex/base/t1cmtt.fd
File: t1cmtt.fd 2014/09/29 v2.5h Standard LaTeX font definitions
)
Package microtype Info: Loading generic settings for font family
(microtype)             `cmtt' (encoding: T1).
(microtype)             For optimal results, create family-specific settings.
(microtype)             See the microtype manual for details.
LaTeX Font Info:    Font shape `T1/ptm/bx/n' in size <12> not available
(Font)              Font shape `T1/ptm/b/n' tried instead on input line 87.
LaTeX Font Info:    Font shape `OMS/ptm/m/n' in size <10> not available
(Font)              Font shape `OMS/cmsy/m/n' tried instead on input line 94.


./report-copy.tex:94: Package inputenc Error: Unicode char \u8:Â  not set up fo
r use with LaTeX.

See the inputenc package documentation for explanation.
Type  H <return>  for immediate help.
 ...                                              
                                                  
l.94 ...rvable a amenÃƒÂ© les astrophysiciens ÃƒÂ 
                                                   observer et ÃƒÂ  catÃƒÂ©g...

? 

./report-copy.tex:94: Package inputenc Error: Unicode char \u8:Â  not set up fo
r use with LaTeX.

See the inputenc package documentation for explanation.
Type  H <return>  for immediate help.
 ...                                              
                                                  
l.94 ... les astrophysiciens ÃƒÂ  observer et ÃƒÂ 
                                                   catÃƒÂ©goriser des centai...

? 

./report-copy.tex:94: Package inputenc Error: Unicode char \u8:Â  not set up fo
r use with LaTeX.

See the inputenc package documentation for explanation.
Type  H <return>  for immediate help.
 ...                                              
                                                  
l.94 ... classification se fait, entre autre, ÃƒÂ 
                                                   partir du spectre d'absor...

? 

./report-copy.tex:94: Package inputenc Error: Unicode char \u8:Â  not set up fo
r use with LaTeX.

See the inputenc package documentation for explanation.
Type  H <return>  for immediate help.
 ...                                              
                                                  
l.94 ...les en fonction de leur type spectral ÃƒÂ 
                                                   l'aide de mÃƒÂ©thodes d'a...

? 

./report-copy.tex:94: Package inputenc Error: Unicode char \u8:Â  not set up fo
r use with LaTeX.

See the inputenc package documentation for explanation.
Type  H <return>  for immediate help.
 ...                                              
                                                  
l.94 ...volutifs (CNN) ainsi que les machines ÃƒÂ 
                                                   vecteur de support (SVM) ...

? 

./report-copy.tex:94: Package inputenc Error: Unicode char \u8:Â  not set up fo
r use with LaTeX.

See the inputenc package documentation for explanation.
Type  H <return>  for immediate help.
 ...                                              
                                                  
l.94 ...achines ÃƒÂ  vecteur de support (SVM) ÃƒÂ 
                                                   noyau souple. Les bases d...

? 

./report-copy.tex:94: Package inputenc Error: Unicode char \u8:Â  not set up fo
r use with LaTeX.

See the inputenc package documentation for explanation.
Type  H <return>  for immediate help.
 ...                                              
                                                  
l.94 ...©s sont prÃƒÂ©sentÃƒÂ©s en dÃƒÂ©tails ÃƒÂ 
                                                   la section \ref{sec:metho...

? 

LaTeX Warning: Reference `sec:methods' on page 1 undefined on input line 94.


./report-copy.tex:94: Package inputenc Error: Unicode char \u8:Â  not set up fo
r use with LaTeX.

See the inputenc package documentation for explanation.
Type  H <return>  for immediate help.
 ...                                              
                                                  
l.94 ...©sultats obtenus sont prÃƒÂ©sentÃƒÂ©s ÃƒÂ 
                                                   la section \ref{sec:resul...

? 

LaTeX Warning: Reference `sec:results' on page 1 undefined on input line 94.

LaTeX Font Info:    Font shape `OMS/ptm/bx/n' in size <12> not available
(Font)              Font shape `OMS/cmsy/m/n' tried instead on input line 98.

./report-copy.tex:100: Package inputenc Error: Unicode char \u8:Â  not set up f
or use with LaTeX.

See the inputenc package documentation for explanation.
Type  H <return>  for immediate help.
 ...                                              
                                                  
l.100 ...rvant que ce qui semble correspondre ÃƒÂ 
                                                   des tendances plus global...

? 

./report-copy.tex:100: Package inputenc Error: Unicode char \u8:Â  not set up f
or use with LaTeX.

See the inputenc package documentation for explanation.
Type  H <return>  for immediate help.
 ...                                              
                                                  
l.100 ...'onde entre $\approx 398.1$ nm jusqu'ÃƒÂ 
                                                   $\approx 707.9$ nm, ce qu...

? 

./report-copy.tex:100: Package inputenc Error: Unicode char \u8:Â  not set up f
or use with LaTeX.

See the inputenc package documentation for explanation.
Type  H <return>  for immediate help.
 ...                                              
                                                  
l.100 ...nombre de traits caractÃƒÂ©ristiques ÃƒÂ 
                                                   1000, ce que les algorith...

? 

LaTeX Warning: Reference `fig:preprocessing_sdss' on page 1 undefined on input 
line 100.

[1


{/usr/local/texlive/2015/texmf-var/fonts/map/pdftex/updmap/pdftex.map}]
<figures/sdss_raw.png, id=19, 550.055pt x 413.545pt>
File: figures/sdss_raw.png Graphic file (type png)

<use figures/sdss_raw.png>
Package pdftex.def Info: figures/sdss_raw.png used on input line 104.
(pdftex.def)             Requested size: 178.86702pt x 134.47624pt.

<figures/sdss_norm.png, id=21, 549.05125pt x 414.54875pt>
File: figures/sdss_norm.png Graphic file (type png)

<use figures/sdss_norm.png>
Package pdftex.def Info: figures/sdss_norm.png used on input line 108.
(pdftex.def)             Requested size: 178.86702pt x 135.04935pt.

Overfull \hbox (7.47914pt too wide) in paragraph at lines 103--110
[]$[]$ $[]$ $[]$ 
 []


./report-copy.tex:110: Package inputenc Error: Unicode char \u8:Â€ not set up f
or use with LaTeX.

See the inputenc package documentation for explanation.
Type  H <return>  for immediate help.
 ...                                              
                                                  
l.110 ...le a ÃƒÂ©tÃƒÂ© normalisÃƒÂ© et lissÃƒÂ©.}
                                                  \label{fig:preprocessing_s...

? 

./report-copy.tex:110: Package inputenc Error: Unicode char \u8:Â€ not set up f
or use with LaTeX.

See the inputenc package documentation for explanation.
Type  H <return>  for immediate help.
 ...                                              
                                                  
l.110 ...le a ÃƒÂ©tÃƒÂ© normalisÃƒÂ© et lissÃƒÂ©.}
                                                  \label{fig:preprocessing_s...

? 

./report-copy.tex:110: Package inputenc Error: Unicode char \u8:Â€ not set up f
or use with LaTeX.

See the inputenc package documentation for explanation.
Type  H <return>  for immediate help.
 ...                                              
                                                  
l.110 ...le a ÃƒÂ©tÃƒÂ© normalisÃƒÂ© et lissÃƒÂ©.}
                                                  \label{fig:preprocessing_s...

? 

./report-copy.tex:110: Package inputenc Error: Unicode char \u8:Â€ not set up f
or use with LaTeX.

See the inputenc package documentation for explanation.
Type  H <return>  for immediate help.
 ...                                              
                                                  
l.110 ...le a ÃƒÂ©tÃƒÂ© normalisÃƒÂ© et lissÃƒÂ©.}
                                                  \label{fig:preprocessing_s...

? 

./report-copy.tex:113: Package inputenc Error: Unicode char \u8:Â¢ not set up f
or use with LaTeX.

See the inputenc package documentation for explanation.
Type  H <return>  for immediate help.
 ...                                              
                                                  
l.113 ...est effectuÃƒÂ©e par le biais d'une tÃƒÂ¢
                                                  che connexe, soit la class...

? 

./report-copy.tex:113: Package inputenc Error: Unicode char \u8:Â  not set up f
or use with LaTeX.

See the inputenc package documentation for explanation.
Type  H <return>  for immediate help.
 ...                                              
                                                  
l.113 ...nt fort semblables dans leurs formes ÃƒÂ 
                                                   des spectres d'ÃƒÂ©toiles...

? 

./report-copy.tex:113: Package inputenc Error: Unicode char \u8:Â  not set up f
or use with LaTeX.

See the inputenc package documentation for explanation.
Type  H <return>  for immediate help.
 ...                                              
                                                  
l.113 ...ont l'avantage d'ÃƒÂªtre plus simple ÃƒÂ 
                                                   analyser, puisqu'ils sont...

? 

./report-copy.tex:115: Package inputenc Error: Unicode char \u8:Â  not set up f
or use with LaTeX.

See the inputenc package documentation for explanation.
Type  H <return>  for immediate help.
 ...                                              
                                                  
l.115 ...arisation, taille des lots) consiste ÃƒÂ 
                                                   faire un \textit{grid sea...

? 

./report-copy.tex:115: Package inputenc Error: Unicode char \u8:Â  not set up f
or use with LaTeX.

See the inputenc package documentation for explanation.
Type  H <return>  for immediate help.
 ...                                              
                                                  
l.115 ...s des rÃƒÂ©sultats obtenus est faite ÃƒÂ 
                                                   la section \ref{sec:resul...

? 

LaTeX Warning: Reference `sec:results' on page 2 undefined on input line 115.


Package natbib Warning: Citation `bailer1998automated' on page 2 undefined on i
nput line 115.


Package natbib Warning: Citation `carricajo2004automatic' on page 2 undefined o
n input line 115.


Package natbib Warning: Citation `shensheng2017deep' on page 2 undefined on inp
ut line 115.

[2 <./figures/sdss_raw.png> <./figures/sdss_norm.png>]

./report-copy.tex:117: Package inputenc Error: Unicode char \u8:Â  not set up f
or use with LaTeX.

See the inputenc package documentation for explanation.
Type  H <return>  for immediate help.
 ...                                              
                                                  
l.117 ...aitÃƒÂ©s sont les hyperparamÃƒÅ¡tres ÃƒÂ 
                                                   dÃƒÂ©terminer. Ce type d'...

? 

./report-copy.tex:117: Package inputenc Error: Unicode char \u8:Â¢ not set up f
or use with LaTeX.

See the inputenc package documentation for explanation.
Type  H <return>  for immediate help.
 ...                                              
                                                  
l.117 ...invariance des traductions locales grÃƒÂ¢
                                                  ce au \textit{pooling}. \c...

? 

Package natbib Warning: Citation `hala2014spectral' on page 3 undefined on inpu
t line 117.


Package natbib Warning: Citation `rajpurkar2017cardiologist' on page 3 undefine
d on input line 117.


Package natbib Warning: Citation `zihlmann2017convolutional' on page 3 undefine
d on input line 117.


./report-copy.tex:117: Package inputenc Error: Unicode char \u8:Â  not set up f
or use with LaTeX.

See the inputenc package documentation for explanation.
Type  H <return>  for immediate help.
 ...                                              
                                                  
l.117 ...sification d'ÃƒÂ©lectrocardiogrammes ÃƒÂ 
                                                   l'aide de rÃƒÂ©seaux de n...

? 

./report-copy.tex:119: Package inputenc Error: Unicode char \u8:Â  not set up f
or use with LaTeX.

See the inputenc package documentation for explanation.
Type  H <return>  for immediate help.
 ...                                              
                                                  
l.119 Enfin, les machines ÃƒÂ 
                               vecteur de support (SVM) ÃƒÂ  noyau souple se...

? 

./report-copy.tex:119: Package inputenc Error: Unicode char \u8:Â  not set up f
or use with LaTeX.

See the inputenc package documentation for explanation.
Type  H <return>  for immediate help.
 ...                                              
                                                  
l.119 ...chines ÃƒÂ  vecteur de support (SVM) ÃƒÂ 
                                                   noyau souple seront le de...

? 

./report-copy.tex:119: Package inputenc Error: Unicode char \u8:Â  not set up f
or use with LaTeX.

See the inputenc package documentation for explanation.
Type  H <return>  for immediate help.
 ...                                              
                                                  
l.119 ...es. Ce genre d'algorithme a tendance ÃƒÂ 
                                                   bien se dÃƒÂ©brouiller av...

? 

./report-copy.tex:119: Package inputenc Error: Unicode char \u8:Â  not set up f
or use with LaTeX.

See the inputenc package documentation for explanation.
Type  H <return>  for immediate help.
 ...                                              
                                                  
l.119 ...traits caractÃƒÂ©ristiques. Le noyau ÃƒÂ 
                                                   utiliser sera dÃƒÂ©termin...

? 

./report-copy.tex:119: Package inputenc Error: Unicode char \u8:Â  not set up f
or use with LaTeX.

See the inputenc package documentation for explanation.
Type  H <return>  for immediate help.
 ...                                              
                                                  
l.119 ...ion des SVM a ÃƒÂ©tÃƒÂ© effectuÃƒÂ©e ÃƒÂ 
                                                   l'aide de la librairie Sc...

? 

Package natbib Warning: Citation `bu2014stellar' on page 3 undefined on input l
ine 119.


Package natbib Warning: Citation `shensheng2017deep' on page 3 undefined on inp
ut line 119.


./report-copy.tex:128: Package inputenc Error: Unicode char \u8:Â‰ not set up f
or use with LaTeX.

See the inputenc package documentation for explanation.
Type  H <return>  for immediate help.
 ...                                              
                                                  
l.128 \subsection{ÃƒÂ‰lectrocardiogrammes}
                                          
? 

./report-copy.tex:130: Package inputenc Error: Unicode char \u8:Â  not set up f
or use with LaTeX.

See the inputenc package documentation for explanation.
Type  H <return>  for immediate help.
 ...                                              
                                                  
l.130 Contrairement ÃƒÂ 
                         ce ÃƒÂ  quoi nous nous attendions, nous avons eu be...

? 

./report-copy.tex:130: Package inputenc Error: Unicode char \u8:Â  not set up f
or use with LaTeX.

See the inputenc package documentation for explanation.
Type  H <return>  for immediate help.
 ...                                              
                                                  
l.130 Contrairement ÃƒÂ  ce ÃƒÂ 
                                 quoi nous nous attendions, nous avons eu be...

? 

./report-copy.tex:130: Package inputenc Error: Unicode char \u8:Â  not set up f
or use with LaTeX.

See the inputenc package documentation for explanation.
Type  H <return>  for immediate help.
 ...                                              
                                                  
l.130 ...s pour dÃƒÂ©terminer le noyau du SVM ÃƒÂ 
                                                   utiliser parmi ceux implÃ...

? 

./report-copy.tex:130: Package inputenc Error: Unicode char \u8:Â  not set up f
or use with LaTeX.

See the inputenc package documentation for explanation.
Type  H <return>  for immediate help.
 ...                                              
                                                  
l.130 ...e~x,~x'~\rangle~+~r)^d$) et un noyau ÃƒÂ 
                                                   fonction ÃƒÂ  base radial...

? 

./report-copy.tex:130: Package inputenc Error: Unicode char \u8:Â  not set up f
or use with LaTeX.

See the inputenc package documentation for explanation.
Type  H <return>  for immediate help.
 ...                                              
                                                  
l.130 ...e~+~r)^d$) et un noyau ÃƒÂ  fonction ÃƒÂ 
                                                   base radiale (\texttt{rbf...

? 

LaTeX Warning: Reference `tab:ecg_preprocessing' on page 3 undefined on input l
ine 130.

LaTeX Font Info:    Font shape `OMS/ptm/m/sc' in size <10> not available
(Font)              Font shape `OMS/cmsy/m/n' tried instead on input line 139.

./report-copy.tex:149: Package inputenc Error: Unicode char \u8:Â  not set up f
or use with LaTeX.

See the inputenc package documentation for explanation.
Type  H <return>  for immediate help.
 ...                                              
                                                  
l.149 On note d'abord ÃƒÂ 
                           quel point cet algorithme appliquÃƒÂ© ÃƒÂ  cet en...

? 

./report-copy.tex:149: Package inputenc Error: Unicode char \u8:Â  not set up f
or use with LaTeX.

See the inputenc package documentation for explanation.
Type  H <return>  for immediate help.
 ...                                              
                                                  
l.149 ...uel point cet algorithme appliquÃƒÂ© ÃƒÂ 
                                                   cet ensemble de donnÃƒÂ©e...

? 

./report-copy.tex:149: Package inputenc Error: Unicode char \u8:Â  not set up f
or use with LaTeX.

See the inputenc package documentation for explanation.
Type  H <return>  for immediate help.
 ...                                              
                                                  
l.149 ... ÃƒÂ  cet ensemble de donnÃƒÂ©es est ÃƒÂ 
                                                   risque de sur-apprentissa...

? 

./report-copy.tex:149: Package inputenc Error: Unicode char \u8:Â  not set up f
or use with LaTeX.

See the inputenc package documentation for explanation.
Type  H <return>  for immediate help.
 ...                                              
                                                  
l.149 ...$. Pourtant, pour des valeurs de $C$ ÃƒÂ 
                                                   peine infÃƒÂ©rieure ÃƒÂ  ...

? 

./report-copy.tex:149: Package inputenc Error: Unicode char \u8:Â  not set up f
or use with LaTeX.

See the inputenc package documentation for explanation.
Type  H <return>  for immediate help.
 ...                                              
                                                  
l.149 ...eurs de $C$ ÃƒÂ  peine infÃƒÂ©rieure ÃƒÂ 
                                                   1, on est clairement en p...

? 

./report-copy.tex:149: Package inputenc Error: Unicode char \u8:Â  not set up f
or use with LaTeX.

See the inputenc package documentation for explanation.
Type  H <return>  for immediate help.
 ...                                              
                                                  
l.149 ...a fenÃƒÂªtre entre ces deux pÃƒÅ½les ÃƒÂ 
                                                   ÃƒÂ©viter s'explique par ...

? 

./report-copy.tex:149: Package inputenc Error: Unicode char \u8:Â  not set up f
or use with LaTeX.

See the inputenc package documentation for explanation.
Type  H <return>  for immediate help.
 ...                                              
                                                  
l.149 ...ant de contourner seront discutÃƒÂ©s ÃƒÂ 
                                                   la section~\ref{sec:concl...

? 

LaTeX Warning: Reference `sec:conclusion' on page 3 undefined on input line 149
.


./report-copy.tex:151: Package inputenc Error: Unicode char \u8:Â  not set up f
or use with LaTeX.

See the inputenc package documentation for explanation.
Type  H <return>  for immediate help.
 ...                                              
                                                  
l.151 ...s caractÃƒÂ©ristiques, similairement ÃƒÂ 
                                                   \cite{polat2007detection}...

? 

Package natbib Warning: Citation `polat2007detection' on page 3 undefined on in
put line 151.


LaTeX Warning: Reference `tab:ecg_pca_300' on page 3 undefined on input line 15
1.


LaTeX Warning: Reference `rab:ecg_pca_100' on page 3 undefined on input line 15
1.


./report-copy.tex:151: Package inputenc Error: Unicode char \u8:Â  not set up f
or use with LaTeX.

See the inputenc package documentation for explanation.
Type  H <return>  for immediate help.
 ...                                              
                                                  
l.151 ...dant: on passe de sous-apprentissage ÃƒÂ 
                                                   sur-apprentissage sans qu...

? 
[3]

Package natbib Warning: Citation `gothwal2011cardiac' on page 4 undefined on in
put line 153.


LaTeX Warning: Reference `fig:ecg_val_c' on page 4 undefined on input line 153.



LaTeX Warning: Reference `tab:ecg_fourier' on page 4 undefined on input line 15
3.


LaTeX Warning: Reference `XXXXX' on page 4 undefined on input line 153.


./report-copy.tex:155: Package inputenc Error: Unicode char \u8:Â  not set up f
or use with LaTeX.

See the inputenc package documentation for explanation.
Type  H <return>  for immediate help.
 ...                                              
                                                  
l.155 On conclue que le meilleur classeur SVM ÃƒÂ 
                                                   noyau \textit{soft} est c...

? 

./report-copy.tex:155: Package inputenc Error: Unicode char \u8:Â  not set up f
or use with LaTeX.

See the inputenc package documentation for explanation.
Type  H <return>  for immediate help.
 ...                                              
                                                  
l.155 ...ant tous les ÃƒÂ©lectrocardiogrammes ÃƒÂ 
                                                   la mÃƒÂªme classe, ce qui...

? 

./report-copy.tex:155: Package inputenc Error: Unicode char \u8:Â  not set up f
or use with LaTeX.

See the inputenc package documentation for explanation.
Type  H <return>  for immediate help.
 ...                                              
                                                  
l.155 ...ble test, ce qui est seulement dÃƒÂ» ÃƒÂ 
                                                   la rÃƒÂ©partition des ÃƒÂ...

? 

./report-copy.tex:155: Package inputenc Error: Unicode char \u8:Â  not set up f
or use with LaTeX.

See the inputenc package documentation for explanation.
Type  H <return>  for immediate help.
 ...                                              
                                                  
l.155 ...On conclue que le SVM s'applique mal ÃƒÂ 
                                                   cet ensemble de donnÃƒÂ©e...

? 

Underfull \hbox (badness 2818) in paragraph at lines 155--156
[]\T1/ptm/m/n/10 (+20) On conclue que le meilleur clas-seur SVM Ã noyau \T1/ptm
/m/it/10 (+20) soft \T1/ptm/m/n/10 (+20) est ce-lui en-voyant tous les
 []


./report-copy.tex:157: Package inputenc Error: Unicode char \u8:Â  not set up f
or use with LaTeX.

See the inputenc package documentation for explanation.
Type  H <return>  for immediate help.
 ...                                              
                                                  
l.157 ...tion softmax a ÃƒÂ©tÃƒÂ© utilisÃƒÂ©e ÃƒÂ 
                                                   la sortie. AprÃƒÅ¡s un \t...

? 

./report-copy.tex:157: Package inputenc Error: Unicode char \u8:Â  not set up f
or use with LaTeX.

See the inputenc package documentation for explanation.
Type  H <return>  for immediate help.
 ...                                              
                                                  
l.157 ...mbre d'ÃƒÂ©poques est prÃƒÂ©sentÃƒÂ© ÃƒÂ 
                                                   la figure \ref{fig:ecg_dn...

? 

LaTeX Warning: Reference `fig:ecg_dnn_train' on page 4 undefined on input line 
157.


./report-copy.tex:157: Package inputenc Error: Unicode char \u8:Â  not set up f
or use with LaTeX.

See the inputenc package documentation for explanation.
Type  H <return>  for immediate help.
 ...                                              
                                                  
l.157 ... transformÃƒÂ©e de Fourier ont peine ÃƒÂ 
                                                   dÃƒÂ©passer $60\%$ de tau...

? 

./report-copy.tex:157: Package inputenc Error: Unicode char \u8:Â  not set up f
or use with LaTeX.

See the inputenc package documentation for explanation.
Type  H <return>  for immediate help.
 ...                                              
                                                  
l.157 ...donnÃƒÂ©es normalisÃƒÂ©es atteignent ÃƒÂ 
                                                   peine $58\%$, alors qu'il...

? 

./report-copy.tex:159: Package inputenc Error: Unicode char \u8:Â  not set up f
or use with LaTeX.

See the inputenc package documentation for explanation.
Type  H <return>  for immediate help.
 ...                                              
                                                  
l.159 ...MLP complÃƒÅ¡tement connectÃƒÂ© bout-ÃƒÂ 
                                                  -bout, nous avons vÃƒÂ©rif...

? 

./report-copy.tex:159: Package inputenc Error: Unicode char \u8:Â  not set up f
or use with LaTeX.

See the inputenc package documentation for explanation.
Type  H <return>  for immediate help.
 ...                                              
                                                  
l.159 ...eurones. Nous nous sommes limitÃƒÂ©s ÃƒÂ 
                                                   des tailles de fenÃƒÂªtre...

? 

./report-copy.tex:159: Package inputenc Error: Unicode char \u8:Â  not set up f
or use with LaTeX.

See the inputenc package documentation for explanation.
Type  H <return>  for immediate help.
 ...                                              
                                                  
l.159 ...vec les donnÃƒÂ©es prÃƒÂ©traitÃƒÂ©es ÃƒÂ 
                                                   l'aide de PCA ou d'une tr...

? 

LaTeX Warning: Reference `tab:n_conv_ecg' on page 4 undefined on input line 159
.


LaTeX Warning: Reference `tab:n_conv_ecg' on page 4 undefined on input line 162
.


./report-copy.tex:162: Package inputenc Error: Unicode char \u8:Â  not set up f
or use with LaTeX.

See the inputenc package documentation for explanation.
Type  H <return>  for immediate help.
 ...                                              
                                                  
l.162 ...'ensemble de test est prÃƒÂ©sentÃƒÂ© ÃƒÂ 
                                                   la figure \ref{fig:ecg_cn...

? 

LaTeX Warning: Reference `fig:ecg_cnn_train' on page 4 undefined on input line 
162.

<figures/ecg_cnn_train.png, id=39, 566.115pt x 419.5675pt>
File: figures/ecg_cnn_train.png Graphic file (type png)

<use figures/ecg_cnn_train.png>
Package pdftex.def Info: figures/ecg_cnn_train.png used on input line 166.
(pdftex.def)             Requested size: 238.49341pt x 176.75491pt.


./report-copy.tex:167: Package inputenc Error: Unicode char \u8:Â‰ not set up f
or use with LaTeX.

See the inputenc package documentation for explanation.
Type  H <return>  for immediate help.
 ...                                              
                                                  
l.167 ...eurones convolutif avec 4 convolutions. }
                                                  
? 

./report-copy.tex:167: Package inputenc Error: Unicode char \u8:Â‰ not set up f
or use with LaTeX.

See the inputenc package documentation for explanation.
Type  H <return>  for immediate help.
 ...                                              
                                                  
l.167 ...eurones convolutif avec 4 convolutions. }
                                                  
? 

LaTeX Warning: Reference `tab:ecg_final_results' on page 4 undefined on input l
ine 173.


Underfull \vbox (badness 10000) has occurred while \output is active []

 [4]
LaTeX Font Info:    Font shape `OMS/ptm/bx/n' in size <10> not available
(Font)              Font shape `OMS/cmsy/m/n' tried instead on input line 195.


./report-copy.tex:197: Package inputenc Error: Unicode char \u8:Â  not set up f
or use with LaTeX.

See the inputenc package documentation for explanation.
Type  H <return>  for immediate help.
 ...                                              
                                                  
l.197 ...sultats obtenus sont prÃƒÂ©sentÃƒÂ©s ÃƒÂ 
                                                   la figure \ref{fig:sdss_s...

? 

LaTeX Warning: Reference `fig:sdss_svm' on page 5 undefined on input line 197.


./report-copy.tex:199: Package inputenc Error: Unicode char \u8:Â  not set up f
or use with LaTeX.

See the inputenc package documentation for explanation.
Type  H <return>  for immediate help.
 ...                                              
                                                  
l.199 ... ÃƒÂ©taient de type {ReLU} et celles ÃƒÂ 
                                                   la sortie ÃƒÂ©taient de t...

? 

LaTeX Warning: Reference `fig:arch_sdss_dnn' on page 5 undefined on input line 
199.


./report-copy.tex:199: Package inputenc Error: Unicode char \u8:Â  not set up f
or use with LaTeX.

See the inputenc package documentation for explanation.
Type  H <return>  for immediate help.
 ...                                              
                                                  
l.199 ...varier celui-ci que par moins de 1\% ÃƒÂ 
                                                   taille de lot constant (5...

? 

./report-copy.tex:201: Package inputenc Error: Unicode char \u8:Â  not set up f
or use with LaTeX.

See the inputenc package documentation for explanation.
Type  H <return>  for immediate help.
 ...                                              
                                                  
l.201 Le second hyperparamÃƒÅ¡tre ÃƒÂ 
                                       ajuster pour rÃƒÂ©gler la capacitÃƒÂ©...

? 

./report-copy.tex:201: Package inputenc Error: Unicode char \u8:Â  not set up f
or use with LaTeX.

See the inputenc package documentation for explanation.
Type  H <return>  for immediate help.
 ...                                              
                                                  
l.201 ...t les rÃƒÂ©sultats sont rapportÃƒÂ©s ÃƒÂ 
                                                   la table \ref{tab:batch_s...

? 

LaTeX Warning: Reference `tab:batch_sdss_dnn' on page 5 undefined on input line
 201.


LaTeX Warning: Reference `fig:reg_sdss_dnn' on page 5 undefined on input line 2
01.


./report-copy.tex:201: Package inputenc Error: Unicode char \u8:Â¢ not set up f
or use with LaTeX.

See the inputenc package documentation for explanation.
Type  H <return>  for immediate help.
 ...                                              
                                                  
l.201 ...maximale. Les rÃƒÂ©sultats obtenus grÃƒÂ¢
                                                  ce ÃƒÂ  la rÃƒÂ©gularisati...

? 

./report-copy.tex:201: Package inputenc Error: Unicode char \u8:Â  not set up f
or use with LaTeX.

See the inputenc package documentation for explanation.
Type  H <return>  for immediate help.
 ...                                              
                                                  
l.201 ...e. Les rÃƒÂ©sultats obtenus grÃƒÂ¢ce ÃƒÂ 
                                                   la rÃƒÂ©gularisation n'on...

? 
[5 <./figures/ecg_cnn_train.png>]

./report-copy.tex:203: Package inputenc Error: Unicode char \u8:Â  not set up f
or use with LaTeX.

See the inputenc package documentation for explanation.
Type  H <return>  for immediate help.
 ...                                              
                                                  
l.203 ...ype rÃƒÂ©seau de neurones convolutif ÃƒÂ 
                                                   ÃƒÂ©tÃƒÂ© ÃƒÂ©tudiÃƒÂ© po...

? 

./report-copy.tex:203: Package inputenc Error: Unicode char \u8:Â  not set up f
or use with LaTeX.

See the inputenc package documentation for explanation.
Type  H <return>  for immediate help.
 ...                                              
                                                  
l.203 ...smettant le vecteur de sortie du CNN ÃƒÂ 
                                                   la sortie du rÃƒÂ©seau.Me...

? 

./report-copy.tex:205: Package inputenc Error: Unicode char \u8:Â  not set up f
or use with LaTeX.

See the inputenc package documentation for explanation.
Type  H <return>  for immediate help.
 ...                                              
                                                  
l.205 ...nombre de convolutions effectuÃƒÂ©es ÃƒÂ 
                                                   ÃƒÂ©tÃƒÂ© ÃƒÂ©tudiÃƒÂ© po...

? 

./report-copy.tex:205: Package inputenc Error: Unicode char \u8:Â  not set up f
or use with LaTeX.

See the inputenc package documentation for explanation.
Type  H <return>  for immediate help.
 ...                                              
                                                  
l.205 ... ces essais, le rÃƒÂ©seau de neurone ÃƒÂ 
                                                   la sortie du CNN a ÃƒÂ©tÃ...

? 

./report-copy.tex:205: Package inputenc Error: Unicode char \u8:Â  not set up f
or use with LaTeX.

See the inputenc package documentation for explanation.
Type  H <return>  for immediate help.
 ...                                              
                                                  
l.205 ...nt ÃƒÂ©galement demeurÃƒÂ©s constant ÃƒÂ 
                                                   50. La table~\ref{tab:sds...

? 

LaTeX Warning: Reference `tab:sdss_cnn_conv' on page 6 undefined on input line 
205.


LaTeX Warning: Reference `tab:sdss_cnn_bs' on page 6 undefined on input line 20
7.


./report-copy.tex:209: Package inputenc Error: Unicode char \u8:Â  not set up f
or use with LaTeX.

See the inputenc package documentation for explanation.
Type  H <return>  for immediate help.
 ...                                              
                                                  
l.209 ...dÃƒÂ©rÃƒÂ©es sont celles se trouvant ÃƒÂ 
                                                   la table~\ref{tab:sdss_cn...

? 

LaTeX Warning: Reference `tab:sdss_cnn_dnn' on page 6 undefined on input line 2
09.


./report-copy.tex:211: Package inputenc Error: Unicode char \u8:Â  not set up f
or use with LaTeX.

See the inputenc package documentation for explanation.
Type  H <return>  for immediate help.
 ...                                              
                                                  
l.211 ... est en gÃƒÂ©nÃƒÂ©ral trÃƒÅ¡s facile ÃƒÂ 
                                                   classer. On peut imaginer...

? 

./report-copy.tex:211: Package inputenc Error: Unicode char \u8:Â  not set up f
or use with LaTeX.

See the inputenc package documentation for explanation.
Type  H <return>  for immediate help.
 ...                                              
                                                  
l.211 ...5\% des spectres qui se mÃƒÂ©langent ÃƒÂ 
                                                   des \textit{clusters} d'u...

? 

LaTeX Warning: Reference `tab:sdss_final_results' on page 6 undefined on input 
line 219.

No file report-copy.bbl.
[6] <figures/ecg_constant.png, id=59, 570.13pt x 434.62375pt>
File: figures/ecg_constant.png Graphic file (type png)

<use figures/ecg_constant.png>
Package pdftex.def Info: figures/ecg_constant.png used on input line 285.
(pdftex.def)             Requested size: 317.9892pt x 242.40613pt.


./report-copy.tex:286: Package inputenc Error: Unicode char \u8:Â‰ not set up f
or use with LaTeX.

See the inputenc package documentation for explanation.
Type  H <return>  for immediate help.
 ...                                              
                                                  
l.286 ...l'aide d'une transformÃƒÂ©e de Fourier. }
                                                  
? 

./report-copy.tex:286: Package inputenc Error: Unicode char \u8:Â  not set up f
or use with LaTeX.

See the inputenc package documentation for explanation.
Type  H <return>  for immediate help.
 ...                                              
                                                  
l.286 ...l'aide d'une transformÃƒÂ©e de Fourier. }
                                                  
? 

./report-copy.tex:286: Package inputenc Error: Unicode char \u8:Â‰ not set up f
or use with LaTeX.

See the inputenc package documentation for explanation.
Type  H <return>  for immediate help.
 ...                                              
                                                  
l.286 ...l'aide d'une transformÃƒÂ©e de Fourier. }
                                                  
? 

./report-copy.tex:286: Package inputenc Error: Unicode char \u8:Â  not set up f
or use with LaTeX.

See the inputenc package documentation for explanation.
Type  H <return>  for immediate help.
 ...                                              
                                                  
l.286 ...l'aide d'une transformÃƒÂ©e de Fourier. }
                                                  
? 
<figures/ecg_dnn_train.png, id=60, 564.1075pt x 421.575pt>
File: figures/ecg_dnn_train.png Graphic file (type png)

<use figures/ecg_dnn_train.png>
Package pdftex.def Info: figures/ecg_dnn_train.png used on input line 313.
(pdftex.def)             Requested size: 317.9892pt x 237.64352pt.


./report-copy.tex:314: Package inputenc Error: Unicode char \u8:Â‰ not set up f
or use with LaTeX.

See the inputenc package documentation for explanation.
Type  H <return>  for immediate help.
 ...                                              
                                                  
l.314 ...de 250 et 100 neurones, respectivement. }
                                                  
? 

./report-copy.tex:314: Package inputenc Error: Unicode char \u8:Â‰ not set up f
or use with LaTeX.

See the inputenc package documentation for explanation.
Type  H <return>  for immediate help.
 ...                                              
                                                  
l.314 ...de 250 et 100 neurones, respectivement. }
                                                  
? 

./report-copy.tex:422: Package inputenc Error: Unicode char \u8:Â  not set up f
or use with LaTeX.

See the inputenc package documentation for explanation.
Type  H <return>  for immediate help.
 ...                                              
                                                  
l.422 ...ture du rÃƒÂ©seau ÃƒÂ  la sortie du CNN.}
                                                  
? 

./report-copy.tex:422: Package inputenc Error: Unicode char \u8:Â  not set up f
or use with LaTeX.

See the inputenc package documentation for explanation.
Type  H <return>  for immediate help.
 ...                                              
                                                  
l.422 ...ture du rÃƒÂ©seau ÃƒÂ  la sortie du CNN.}
                                                  
? 

Package natbib Warning: There were undefined citations.

Package atveryend Info: Empty hook `BeforeClearDocument' on input line 441.
[7

 <./figures/ecg_constant.png>] [8 <./figures/ecg_dnn_train.png>] [9]
Package atveryend Info: Empty hook `AfterLastShipout' on input line 441.

(./report-copy.aux)
Package atveryend Info: Executing hook `AtVeryEndDocument' on input line 441.
Package atveryend Info: Executing hook `AtEndAfterFileList' on input line 441.


Package rerunfilecheck Warning: File `report-copy.out' has changed.
(rerunfilecheck)                Rerun to get outlines right
(rerunfilecheck)                or use package `bookmark'.

Package rerunfilecheck Info: Checksums for `report-copy.out':
(rerunfilecheck)             Before: <no file>
(rerunfilecheck)             After:  757F9C2F3F1F905383D9A6BCC562A354;433.

LaTeX Font Warning: Some font shapes were not available, defaults substituted.


LaTeX Warning: There were undefined references.


LaTeX Warning: Label(s) may have changed. Rerun to get cross-references right.

Package atveryend Info: Empty hook `AtVeryVeryEnd' on input line 441.
 ) 
Here is how much of TeX's memory you used:
 10421 strings out of 493089
 155918 string characters out of 6134842
 306266 words of memory out of 5000000
 13531 multiletter control sequences out of 15000+600000
 45609 words of font info for 166 fonts, out of 8000000 for 9000
 1141 hyphenation exceptions out of 8191
 33i,13n,35p,1904b,439s stack positions out of 5000i,500n,10000p,200000b,80000s
{/usr/local/texlive/2015/texmf-dist/fonts/enc/dvips/base/8r.enc}{/usr/local/t
exlive/2015/texmf-dist/fonts/enc/dvips/cm-super/cm-super-t1.enc}</usr/local/tex
live/2015/texmf-dist/fonts/type1/public/amsfonts/cm/cmmi10.pfb></usr/local/texl
ive/2015/texmf-dist/fonts/type1/public/amsfonts/cm/cmmi7.pfb></usr/local/texliv
e/2015/texmf-dist/fonts/type1/public/amsfonts/cm/cmr10.pfb></usr/local/texlive/
2015/texmf-dist/fonts/type1/public/amsfonts/cm/cmr7.pfb></usr/local/texlive/201
5/texmf-dist/fonts/type1/public/amsfonts/cm/cmsy10.pfb></usr/local/texlive/2015
/texmf-dist/fonts/type1/public/amsfonts/cm/cmsy7.pfb></usr/local/texlive/2015/t
exmf-dist/fonts/type1/public/cm-super/sftt1000.pfb></usr/local/texlive/2015/tex
mf-dist/fonts/type1/urw/times/utmb8a.pfb></usr/local/texlive/2015/texmf-dist/fo
nts/type1/urw/times/utmr8a.pfb></usr/local/texlive/2015/texmf-dist/fonts/type1/
urw/times/utmri8a.pfb>
Output written on report-copy.pdf (9 pages, 286008 bytes).
PDF statistics:
 131 PDF objects out of 1000 (max. 8388607)
 99 compressed objects within 1 object stream
 34 named destinations out of 1000 (max. 500000)
 23578 words of extra memory for PDF output out of 24883 (max. 10000000)

